============================================================
Time  2018/05/10 20:07:19 151 
============================================================
[2018/05/10 20:07:19 151] lgi        641  SYS_MSG_LOAD  
[2018/05/10 20:07:19 162] lgi        663  SYS_MSG_REGCB  msp_status_cb  func(90015fb0) 
[2018/05/10 20:07:19 162] lgi        292  LGI_MSG_INIT  
[2018/05/10 20:07:19 162] lgi        299  lgi  lgi_  268436457  1504340430  
[2018/05/10 20:07:19 162] lgi        332  lgi params:  appid = 5adde103, work_dir = .  
[2018/05/10 20:07:19 162] lgi        346  auth_time_str=  2018/05/10 20:07:19  
[2018/05/10 20:07:19 162] lgi        352  auth_appid=  5adde103  
[2018/05/10 20:07:19 162] lgi        363  token:  nil  
[2018/05/10 20:07:19 163] lgi        433  msc cver : 5.0.34.1166  
[2018/05/10 20:07:19 163] lgi        476  ns_enable=  1  
[2018/05/10 20:07:19 163] lgi        488  prot_ver=1  
[2018/05/10 20:07:19 163] lgi        499  prot_type=tcp  
[2018/05/10 20:07:19 163] lgi        650  SYS_MSG_UNLOAD  go bg!  
[2018/05/10 20:07:23 036] lgi        654  SYS_MSG_SHUTDOWN  
============================================================
Time  2018/05/10 20:14:20 826 
============================================================
[2018/05/10 20:14:20 826] lgi        641  SYS_MSG_LOAD  
[2018/05/10 20:14:20 837] lgi        663  SYS_MSG_REGCB  msp_status_cb  func(4015f50) 
[2018/05/10 20:14:20 837] lgi        292  LGI_MSG_INIT  
[2018/05/10 20:14:20 837] lgi        299  lgi  lgi_  268436457  1504340430  
[2018/05/10 20:14:20 837] lgi        332  lgi params:  appid = 5adde103, work_dir = .  
[2018/05/10 20:14:20 837] lgi        346  auth_time_str=  2018/05/10 20:14:20  
[2018/05/10 20:14:20 837] lgi        352  auth_appid=  5adde103  
[2018/05/10 20:14:20 837] lgi        363  token:  nil  
[2018/05/10 20:14:20 838] lgi        433  msc cver : 5.0.34.1166  
[2018/05/10 20:14:20 839] lgi        476  ns_enable=  1  
[2018/05/10 20:14:20 839] lgi        488  prot_ver=1  
[2018/05/10 20:14:20 839] lgi        499  prot_type=tcp  
[2018/05/10 20:14:20 840] lgi        650  SYS_MSG_UNLOAD  go bg!  
[2018/05/10 20:14:23 092] lgi        654  SYS_MSG_SHUTDOWN  
============================================================
Time  2018/05/10 20:30:22 110 
============================================================
[2018/05/10 20:30:22 110] lgi        641  SYS_MSG_LOAD  
[2018/05/10 20:30:22 122] lgi        663  SYS_MSG_REGCB  msp_status_cb  func(28013530) 
[2018/05/10 20:30:22 122] lgi        292  LGI_MSG_INIT  
[2018/05/10 20:30:22 122] lgi        299  lgi  lgi_  268436457  1504340430  
[2018/05/10 20:30:22 122] lgi        332  lgi params:  appid = 5adde103, work_dir = .  
[2018/05/10 20:30:22 122] lgi        346  auth_time_str=  2018/05/10 20:30:22  
[2018/05/10 20:30:22 122] lgi        352  auth_appid=  5adde103  
[2018/05/10 20:30:22 122] lgi        363  token:  nil  
[2018/05/10 20:30:22 122] lgi        433  msc cver : 5.0.34.1166  
[2018/05/10 20:30:22 127] lgi        476  ns_enable=  1  
[2018/05/10 20:30:22 127] lgi        488  prot_ver=1  
[2018/05/10 20:30:22 127] lgi        499  prot_type=tcp  
[2018/05/10 20:30:22 127] lgi        650  SYS_MSG_UNLOAD  go bg!  
[2018/05/10 20:30:23 654] lgi        654  SYS_MSG_SHUTDOWN  
============================================================
Time  2018/05/10 20:33:41 118 
============================================================
[2018/05/10 20:33:41 118] lgi        641  SYS_MSG_LOAD  
[2018/05/10 20:33:41 123] lgi        663  SYS_MSG_REGCB  msp_status_cb  func(e4015f40) 
[2018/05/10 20:33:41 123] lgi        292  LGI_MSG_INIT  
[2018/05/10 20:33:41 123] lgi        299  lgi  lgi_  268436457  1504340430  
[2018/05/10 20:33:41 123] lgi        332  lgi params:  appid = 5adde103, work_dir = .  
[2018/05/10 20:33:41 124] lgi        346  auth_time_str=  2018/05/10 20:33:41  
[2018/05/10 20:33:41 124] lgi        352  auth_appid=  5adde103  
[2018/05/10 20:33:41 124] lgi        363  token:  nil  
[2018/05/10 20:33:41 124] lgi        433  msc cver : 5.0.34.1166  
[2018/05/10 20:33:41 125] lgi        476  ns_enable=  1  
[2018/05/10 20:33:41 125] lgi        488  prot_ver=1  
[2018/05/10 20:33:41 125] lgi        499  prot_type=tcp  
[2018/05/10 20:33:41 125] lgi        650  SYS_MSG_UNLOAD  go bg!  
[2018/05/10 20:33:42 769] lgi        654  SYS_MSG_SHUTDOWN  
============================================================
Time  2018/05/13 05:21:14 272 
============================================================
[2018/05/13 05:21:14 273] lgi        641  SYS_MSG_LOAD  
[2018/05/13 05:21:14 286] lgi        663  SYS_MSG_REGCB  msp_status_cb  func(f4013530) 
[2018/05/13 05:21:14 287] lgi        292  LGI_MSG_INIT  
[2018/05/13 05:21:14 287] lgi        299  lgi  lgi_  268436457  1504340430  
[2018/05/13 05:21:14 287] lgi        332  lgi params:  appid = 5adde103, work_dir = .  
[2018/05/13 05:21:14 287] lgi        346  auth_time_str=  2018/05/13 05:21:14  
[2018/05/13 05:21:14 287] lgi        352  auth_appid=  5adde103  
[2018/05/13 05:21:14 287] lgi        363  token:  nil  
[2018/05/13 05:21:14 287] lgi        433  msc cver : 5.0.34.1166  
[2018/05/13 05:21:14 287] lgi        476  ns_enable=  1  
[2018/05/13 05:21:14 287] lgi        488  prot_ver=1  
[2018/05/13 05:21:14 287] lgi        499  prot_type=tcp  
[2018/05/13 05:21:14 287] lgi        650  SYS_MSG_UNLOAD  go bg!  
[2018/05/13 05:21:22 925] lgi        654  SYS_MSG_SHUTDOWN  
