============================================================
Time  2018/05/11 00:52:03 195 
============================================================
[2018/05/11 00:52:03 195] isr        1659 isr loaded!  
[2018/05/11 00:52:03 195] isr        1642 SYS_MSG_REGCB param0 =   msp_status_cb  param1 =   func(e402e660) 
[2018/05/11 00:52:03 195] isr        1537 ASR_MSG_SSB  
[2018/05/11 00:52:03 195] isr        1066 session_begin() [in], params:   sub = iat, domain = iat, language = zh_cn, accent = mandarin, sample_rate = 16000, result_type = plain, result_encoding = utf8  nil  
[2018/05/11 00:52:03 195] isr        927  vad_set [in]  
[2018/05/11 00:52:03 195] isr        962  vad_enable :  true  
[2018/05/11 00:52:03 195] isr        980  vad_bos :  10000  
[2018/05/11 00:52:03 195] isr        981  vad_eos :  2000  
[2018/05/11 00:52:03 195] isr        886  enable_vad [in]  
[2018/05/11 00:52:03 208] isr        918  vad enabled!  2000  10000  
[2018/05/11 00:52:03 208] isr        921  enable_vad [out]  
[2018/05/11 00:52:03 208] isr        987  vad_set [out] | ret =  0  
[2018/05/11 00:52:03 208] isr        1187 cur_engine_type =   cloud  
[2018/05/11 00:52:03 208] isr        1001 cloud_session_begin  
[2018/05/11 00:52:03 208] isr        1013 standard  
[2018/05/11 00:52:03 242] isr        1547 ASR_MSG_AUW,   cloud  
[2018/05/11 00:52:03 242] isr        1559 6400  1  
[2018/05/11 00:52:03 242] isr        1569 once_bytes:   6400  
[2018/05/11 00:52:03 247] isr        851  [aud] speech start  
[2018/05/11 00:52:03 247] isr        798  1  msc  
[2018/05/11 00:52:03 444] isr        1547 ASR_MSG_AUW,   cloud  
[2018/05/11 00:52:03 444] isr        1559 6400  2  
[2018/05/11 00:52:03 489] isr        700  cloud_status_cb, eps:  1  
[2018/05/11 00:52:03 489] isr        798  1  cloud  
[2018/05/11 00:52:03 489] isr        813  cloud eps ignored  
[2018/05/11 00:52:03 646] isr        1547 ASR_MSG_AUW,   cloud  
[2018/05/11 00:52:03 647] isr        1559 6400  2  
[2018/05/11 00:52:03 847] isr        1547 ASR_MSG_AUW,   cloud  
[2018/05/11 00:52:03 847] isr        1559 6400  2  
[2018/05/11 00:52:04 048] isr        1547 ASR_MSG_AUW,   cloud  
[2018/05/11 00:52:04 048] isr        1559 6400  2  
[2018/05/11 00:52:04 251] isr        1547 ASR_MSG_AUW,   cloud  
[2018/05/11 00:52:04 251] isr        1559 6400  2  
[2018/05/11 00:52:04 452] isr        1547 ASR_MSG_AUW,   cloud  
[2018/05/11 00:52:04 452] isr        1559 6400  2  
[2018/05/11 00:52:04 653] isr        1547 ASR_MSG_AUW,   cloud  
[2018/05/11 00:52:04 654] isr        1559 6400  2  
[2018/05/11 00:52:04 854] isr        1547 ASR_MSG_AUW,   cloud  
[2018/05/11 00:52:04 854] isr        1559 6400  2  
[2018/05/11 00:52:05 056] isr        1547 ASR_MSG_AUW,   cloud  
[2018/05/11 00:52:05 056] isr        1559 6400  2  
[2018/05/11 00:52:05 257] isr        1547 ASR_MSG_AUW,   cloud  
[2018/05/11 00:52:05 257] isr        1559 6400  2  
[2018/05/11 00:52:05 460] isr        1547 ASR_MSG_AUW,   cloud  
[2018/05/11 00:52:05 460] isr        1559 6400  2  
[2018/05/11 00:52:05 661] isr        1547 ASR_MSG_AUW,   cloud  
[2018/05/11 00:52:05 661] isr        1559 6400  2  
[2018/05/11 00:52:05 861] isr        1547 ASR_MSG_AUW,   cloud  
[2018/05/11 00:52:05 861] isr        1559 6400  2  
[2018/05/11 00:52:06 062] isr        1547 ASR_MSG_AUW,   cloud  
[2018/05/11 00:52:06 062] isr        1559 6400  2  
[2018/05/11 00:52:06 264] isr        1547 ASR_MSG_AUW,   cloud  
[2018/05/11 00:52:06 264] isr        1559 6400  2  
[2018/05/11 00:52:06 465] isr        1547 ASR_MSG_AUW,   cloud  
[2018/05/11 00:52:06 465] isr        1559 6400  2  
[2018/05/11 00:52:06 667] isr        1547 ASR_MSG_AUW,   cloud  
[2018/05/11 00:52:06 668] isr        1559 6400  2  
[2018/05/11 00:52:06 868] isr        1547 ASR_MSG_AUW,   cloud  
[2018/05/11 00:52:06 868] isr        1559 6400  2  
[2018/05/11 00:52:07 071] isr        1547 ASR_MSG_AUW,   cloud  
[2018/05/11 00:52:07 071] isr        1559 6400  2  
[2018/05/11 00:52:07 274] isr        1547 ASR_MSG_AUW,   cloud  
[2018/05/11 00:52:07 274] isr        1559 6400  2  
[2018/05/11 00:52:07 475] isr        1547 ASR_MSG_AUW,   cloud  
[2018/05/11 00:52:07 475] isr        1559 6400  2  
[2018/05/11 00:52:07 516] isr        662  cloud_rslt_cb status =   0  
[2018/05/11 00:52:07 516] isr        641  process_result call:  cloud  udata(e40521c8) 0  nil  
[2018/05/11 00:52:07 677] isr        1547 ASR_MSG_AUW,   cloud  
[2018/05/11 00:52:07 677] isr        1559 7420  2  
[2018/05/11 00:52:07 879] isr        1547 ASR_MSG_AUW,   cloud  
[2018/05/11 00:52:07 879] isr        1559 0  4  
[2018/05/11 00:52:07 879] isr        1592 aud end, USER  
[2018/05/11 00:52:07 879] isr        1636 ASR_MSG_GRSLT,   cloud  
[2018/05/11 00:52:07 879] isr        1335 0  udata(e40521c8) 0  
[2018/05/11 00:52:07 880] isr        854  [aud] speech end  
[2018/05/11 00:52:07 880] isr        798  3  msc  
[2018/05/11 00:52:07 946] isr        700  cloud_status_cb, eps:  3  
[2018/05/11 00:52:07 946] isr        798  3  cloud  
[2018/05/11 00:52:07 946] isr        800  already speech end  
[2018/05/11 00:52:07 963] isr        662  cloud_rslt_cb status =   5  
[2018/05/11 00:52:07 963] isr        641  process_result call:  cloud  udata(e400ded8) 5  nil  
[2018/05/11 00:52:07 963] isr        798  3  msc  
[2018/05/11 00:52:07 963] isr        800  already speech end  
[2018/05/11 00:52:08 030] isr        1636 ASR_MSG_GRSLT,   cloud  
[2018/05/11 00:52:08 030] isr        1335 0  udata(e400ded8) 5  
[2018/05/11 00:52:08 182] isr        1639 ASR_MSG_SSE,   cloud  
[2018/05/11 00:52:08 182] isr        1356 session_end() [in]  
[2018/05/11 00:52:08 182] isr        1421 cloud_session_end() [in]  
[2018/05/11 00:52:08 183] isr        1488 ns_host=  open.xf-yun.com  
[2018/05/11 00:52:08 183] isr        1498 tick()mod=  57728059  
[2018/05/11 00:52:08 183] isr        1499 tick()=  57728059  
[2018/05/11 00:52:08 183] isr        1501 diff=  4751  
[2018/05/11 00:52:08 183] isr        1514 cloud_session_end() [out]  
[2018/05/11 00:52:08 183] isr        1667 isr unload!  
============================================================
Time  2018/05/11 00:52:43 986 
============================================================
[2018/05/11 00:52:43 986] isr        1659 isr loaded!  
[2018/05/11 00:52:43 986] isr        1642 SYS_MSG_REGCB param0 =   msp_status_cb  param1 =   func(1802ccd0) 
[2018/05/11 00:52:43 986] isr        1537 ASR_MSG_SSB  
[2018/05/11 00:52:43 986] isr        1066 session_begin() [in], params:   sub = iat, domain = iat, language = zh_cn, accent = mandarin, sample_rate = 16000, result_type = plain, result_encoding = utf8  nil  
[2018/05/11 00:52:43 986] isr        927  vad_set [in]  
[2018/05/11 00:52:43 986] isr        962  vad_enable :  true  
[2018/05/11 00:52:43 986] isr        980  vad_bos :  10000  
[2018/05/11 00:52:43 986] isr        981  vad_eos :  2000  
[2018/05/11 00:52:43 986] isr        886  enable_vad [in]  
[2018/05/11 00:52:43 989] isr        918  vad enabled!  2000  10000  
[2018/05/11 00:52:43 989] isr        921  enable_vad [out]  
[2018/05/11 00:52:43 989] isr        987  vad_set [out] | ret =  0  
[2018/05/11 00:52:43 989] isr        1187 cur_engine_type =   cloud  
[2018/05/11 00:52:43 989] isr        1001 cloud_session_begin  
[2018/05/11 00:52:43 989] isr        1013 standard  
[2018/05/11 00:52:44 019] isr        1547 ASR_MSG_AUW,   cloud  
[2018/05/11 00:52:44 019] isr        1559 6400  1  
[2018/05/11 00:52:44 019] isr        1569 once_bytes:   6400  
[2018/05/11 00:52:44 024] isr        851  [aud] speech start  
[2018/05/11 00:52:44 024] isr        798  1  msc  
[2018/05/11 00:52:44 222] isr        1547 ASR_MSG_AUW,   cloud  
[2018/05/11 00:52:44 222] isr        1559 6400  2  
[2018/05/11 00:52:44 358] isr        700  cloud_status_cb, eps:  1  
[2018/05/11 00:52:44 358] isr        798  1  cloud  
[2018/05/11 00:52:44 358] isr        813  cloud eps ignored  
[2018/05/11 00:52:44 424] isr        1547 ASR_MSG_AUW,   cloud  
[2018/05/11 00:52:44 424] isr        1559 6400  2  
[2018/05/11 00:52:44 627] isr        1547 ASR_MSG_AUW,   cloud  
[2018/05/11 00:52:44 627] isr        1559 6400  2  
[2018/05/11 00:52:44 830] isr        1547 ASR_MSG_AUW,   cloud  
[2018/05/11 00:52:44 830] isr        1559 6400  2  
[2018/05/11 00:52:45 031] isr        1547 ASR_MSG_AUW,   cloud  
[2018/05/11 00:52:45 031] isr        1559 6400  2  
[2018/05/11 00:52:45 233] isr        1547 ASR_MSG_AUW,   cloud  
[2018/05/11 00:52:45 233] isr        1559 6400  2  
[2018/05/11 00:52:45 434] isr        1547 ASR_MSG_AUW,   cloud  
[2018/05/11 00:52:45 434] isr        1559 6400  2  
[2018/05/11 00:52:45 635] isr        1547 ASR_MSG_AUW,   cloud  
[2018/05/11 00:52:45 635] isr        1559 6400  2  
[2018/05/11 00:52:45 836] isr        1547 ASR_MSG_AUW,   cloud  
[2018/05/11 00:52:45 836] isr        1559 6400  2  
[2018/05/11 00:52:46 037] isr        1547 ASR_MSG_AUW,   cloud  
[2018/05/11 00:52:46 037] isr        1559 6400  2  
[2018/05/11 00:52:46 238] isr        1547 ASR_MSG_AUW,   cloud  
[2018/05/11 00:52:46 238] isr        1559 6400  2  
[2018/05/11 00:52:46 440] isr        1547 ASR_MSG_AUW,   cloud  
[2018/05/11 00:52:46 440] isr        1559 6400  2  
[2018/05/11 00:52:46 641] isr        1547 ASR_MSG_AUW,   cloud  
[2018/05/11 00:52:46 641] isr        1559 6400  2  
[2018/05/11 00:52:46 845] isr        1547 ASR_MSG_AUW,   cloud  
[2018/05/11 00:52:46 845] isr        1559 6400  2  
[2018/05/11 00:52:47 046] isr        1547 ASR_MSG_AUW,   cloud  
[2018/05/11 00:52:47 046] isr        1559 6400  2  
[2018/05/11 00:52:47 249] isr        1547 ASR_MSG_AUW,   cloud  
[2018/05/11 00:52:47 249] isr        1559 6400  2  
[2018/05/11 00:52:47 453] isr        1547 ASR_MSG_AUW,   cloud  
[2018/05/11 00:52:47 453] isr        1559 6400  2  
[2018/05/11 00:52:47 653] isr        1547 ASR_MSG_AUW,   cloud  
[2018/05/11 00:52:47 653] isr        1559 6400  2  
[2018/05/11 00:52:47 856] isr        1547 ASR_MSG_AUW,   cloud  
[2018/05/11 00:52:47 856] isr        1559 6400  2  
[2018/05/11 00:52:48 058] isr        1547 ASR_MSG_AUW,   cloud  
[2018/05/11 00:52:48 058] isr        1559 6400  2  
[2018/05/11 00:52:48 261] isr        1547 ASR_MSG_AUW,   cloud  
[2018/05/11 00:52:48 261] isr        1559 6400  2  
[2018/05/11 00:52:48 306] isr        662  cloud_rslt_cb status =   0  
[2018/05/11 00:52:48 306] isr        641  process_result call:  cloud  udata(18033808) 0  nil  
[2018/05/11 00:52:48 462] isr        1547 ASR_MSG_AUW,   cloud  
[2018/05/11 00:52:48 462] isr        1559 7420  2  
[2018/05/11 00:52:48 663] isr        1547 ASR_MSG_AUW,   cloud  
[2018/05/11 00:52:48 663] isr        1559 0  4  
[2018/05/11 00:52:48 663] isr        1592 aud end, USER  
[2018/05/11 00:52:48 663] isr        1636 ASR_MSG_GRSLT,   cloud  
[2018/05/11 00:52:48 663] isr        1335 0  udata(18033808) 0  
[2018/05/11 00:52:48 664] isr        854  [aud] speech end  
[2018/05/11 00:52:48 664] isr        798  3  msc  
[2018/05/11 00:52:48 722] isr        700  cloud_status_cb, eps:  3  
[2018/05/11 00:52:48 722] isr        798  3  cloud  
[2018/05/11 00:52:48 722] isr        800  already speech end  
[2018/05/11 00:52:48 724] isr        662  cloud_rslt_cb status =   5  
[2018/05/11 00:52:48 724] isr        641  process_result call:  cloud  udata(18033ac8) 5  nil  
[2018/05/11 00:52:48 724] isr        798  3  msc  
[2018/05/11 00:52:48 724] isr        800  already speech end  
[2018/05/11 00:52:48 814] isr        1636 ASR_MSG_GRSLT,   cloud  
[2018/05/11 00:52:48 814] isr        1335 0  udata(18033ac8) 5  
[2018/05/11 00:52:48 965] isr        1639 ASR_MSG_SSE,   cloud  
[2018/05/11 00:52:48 965] isr        1356 session_end() [in]  
[2018/05/11 00:52:48 965] isr        1421 cloud_session_end() [in]  
[2018/05/11 00:52:48 966] isr        1488 ns_host=  open.xf-yun.com  
[2018/05/11 00:52:48 966] isr        1498 tick()mod=  57768842  
[2018/05/11 00:52:48 966] isr        1499 tick()=  57768842  
[2018/05/11 00:52:48 966] isr        1501 diff=  4464  
[2018/05/11 00:52:48 966] isr        1514 cloud_session_end() [out]  
[2018/05/11 00:52:48 967] isr        1667 isr unload!  
============================================================
Time  2018/05/11 00:52:56 424 
============================================================
[2018/05/11 00:52:56 424] isr        1659 isr loaded!  
[2018/05/11 00:52:56 424] isr        1642 SYS_MSG_REGCB param0 =   msp_status_cb  param1 =   func(4802ccd0) 
[2018/05/11 00:52:56 424] isr        1537 ASR_MSG_SSB  
[2018/05/11 00:52:56 424] isr        1066 session_begin() [in], params:   sub = iat, domain = iat, language = zh_cn, accent = mandarin, sample_rate = 16000, result_type = plain, result_encoding = utf8  nil  
[2018/05/11 00:52:56 424] isr        927  vad_set [in]  
[2018/05/11 00:52:56 424] isr        962  vad_enable :  true  
[2018/05/11 00:52:56 424] isr        980  vad_bos :  10000  
[2018/05/11 00:52:56 424] isr        981  vad_eos :  2000  
[2018/05/11 00:52:56 424] isr        886  enable_vad [in]  
[2018/05/11 00:52:56 424] isr        918  vad enabled!  2000  10000  
[2018/05/11 00:52:56 424] isr        921  enable_vad [out]  
[2018/05/11 00:52:56 424] isr        987  vad_set [out] | ret =  0  
[2018/05/11 00:52:56 424] isr        1187 cur_engine_type =   cloud  
[2018/05/11 00:52:56 424] isr        1001 cloud_session_begin  
[2018/05/11 00:52:56 424] isr        1013 standard  
[2018/05/11 00:52:56 431] isr        1547 ASR_MSG_AUW,   cloud  
[2018/05/11 00:52:56 431] isr        1559 6400  1  
[2018/05/11 00:52:56 431] isr        1569 once_bytes:   6400  
[2018/05/11 00:52:56 432] isr        851  [aud] speech start  
[2018/05/11 00:52:56 432] isr        798  1  msc  
[2018/05/11 00:52:56 632] isr        1547 ASR_MSG_AUW,   cloud  
[2018/05/11 00:52:56 632] isr        1559 6400  2  
[2018/05/11 00:52:56 674] isr        700  cloud_status_cb, eps:  1  
[2018/05/11 00:52:56 674] isr        798  1  cloud  
[2018/05/11 00:52:56 674] isr        813  cloud eps ignored  
[2018/05/11 00:52:56 834] isr        1547 ASR_MSG_AUW,   cloud  
[2018/05/11 00:52:56 834] isr        1559 6400  2  
[2018/05/11 00:52:57 035] isr        1547 ASR_MSG_AUW,   cloud  
[2018/05/11 00:52:57 035] isr        1559 6400  2  
[2018/05/11 00:52:57 238] isr        1547 ASR_MSG_AUW,   cloud  
[2018/05/11 00:52:57 238] isr        1559 6400  2  
[2018/05/11 00:52:57 445] isr        1547 ASR_MSG_AUW,   cloud  
[2018/05/11 00:52:57 445] isr        1559 6400  2  
[2018/05/11 00:52:57 651] isr        1547 ASR_MSG_AUW,   cloud  
[2018/05/11 00:52:57 651] isr        1559 6400  2  
[2018/05/11 00:52:57 853] isr        1547 ASR_MSG_AUW,   cloud  
[2018/05/11 00:52:57 853] isr        1559 6400  2  
[2018/05/11 00:52:58 056] isr        1547 ASR_MSG_AUW,   cloud  
[2018/05/11 00:52:58 056] isr        1559 6400  2  
[2018/05/11 00:52:58 258] isr        1547 ASR_MSG_AUW,   cloud  
[2018/05/11 00:52:58 258] isr        1559 6400  2  
[2018/05/11 00:52:58 458] isr        1547 ASR_MSG_AUW,   cloud  
[2018/05/11 00:52:58 459] isr        1559 6400  2  
[2018/05/11 00:52:58 659] isr        1547 ASR_MSG_AUW,   cloud  
[2018/05/11 00:52:58 659] isr        1559 6400  2  
[2018/05/11 00:52:58 861] isr        1547 ASR_MSG_AUW,   cloud  
[2018/05/11 00:52:58 861] isr        1559 6400  2  
[2018/05/11 00:52:59 062] isr        1547 ASR_MSG_AUW,   cloud  
[2018/05/11 00:52:59 062] isr        1559 6400  2  
[2018/05/11 00:52:59 264] isr        1547 ASR_MSG_AUW,   cloud  
[2018/05/11 00:52:59 264] isr        1559 6400  2  
[2018/05/11 00:52:59 465] isr        1547 ASR_MSG_AUW,   cloud  
[2018/05/11 00:52:59 465] isr        1559 6400  2  
[2018/05/11 00:52:59 667] isr        1547 ASR_MSG_AUW,   cloud  
[2018/05/11 00:52:59 667] isr        1559 6400  2  
[2018/05/11 00:52:59 869] isr        1547 ASR_MSG_AUW,   cloud  
[2018/05/11 00:52:59 869] isr        1559 6400  2  
[2018/05/11 00:53:00 070] isr        1547 ASR_MSG_AUW,   cloud  
[2018/05/11 00:53:00 070] isr        1559 6400  2  
[2018/05/11 00:53:00 271] isr        1547 ASR_MSG_AUW,   cloud  
[2018/05/11 00:53:00 271] isr        1559 6400  2  
[2018/05/11 00:53:00 471] isr        1547 ASR_MSG_AUW,   cloud  
[2018/05/11 00:53:00 471] isr        1559 6400  2  
[2018/05/11 00:53:00 672] isr        1547 ASR_MSG_AUW,   cloud  
[2018/05/11 00:53:00 672] isr        1559 6400  2  
[2018/05/11 00:53:00 711] isr        662  cloud_rslt_cb status =   0  
[2018/05/11 00:53:00 711] isr        641  process_result call:  cloud  udata(48033988) 0  nil  
[2018/05/11 00:53:00 872] isr        1547 ASR_MSG_AUW,   cloud  
[2018/05/11 00:53:00 872] isr        1559 7420  2  
[2018/05/11 00:53:01 073] isr        1547 ASR_MSG_AUW,   cloud  
[2018/05/11 00:53:01 073] isr        1559 0  4  
[2018/05/11 00:53:01 073] isr        1592 aud end, USER  
[2018/05/11 00:53:01 074] isr        1636 ASR_MSG_GRSLT,   cloud  
[2018/05/11 00:53:01 074] isr        1335 0  udata(48033988) 0  
[2018/05/11 00:53:01 074] isr        854  [aud] speech end  
[2018/05/11 00:53:01 074] isr        798  3  msc  
[2018/05/11 00:53:01 131] isr        700  cloud_status_cb, eps:  3  
[2018/05/11 00:53:01 131] isr        798  3  cloud  
[2018/05/11 00:53:01 131] isr        800  already speech end  
[2018/05/11 00:53:01 132] isr        662  cloud_rslt_cb status =   5  
[2018/05/11 00:53:01 132] isr        641  process_result call:  cloud  udata(480360f8) 5  nil  
[2018/05/11 00:53:01 132] isr        798  3  msc  
[2018/05/11 00:53:01 132] isr        800  already speech end  
[2018/05/11 00:53:01 228] isr        1636 ASR_MSG_GRSLT,   cloud  
[2018/05/11 00:53:01 228] isr        1335 0  udata(480360f8) 5  
[2018/05/11 00:53:01 380] isr        1639 ASR_MSG_SSE,   cloud  
[2018/05/11 00:53:01 380] isr        1356 session_end() [in]  
[2018/05/11 00:53:01 380] isr        1421 cloud_session_end() [in]  
[2018/05/11 00:53:01 381] isr        1488 ns_host=  open.xf-yun.com  
[2018/05/11 00:53:01 381] isr        1498 tick()mod=  57781257  
[2018/05/11 00:53:01 381] isr        1499 tick()=  57781257  
[2018/05/11 00:53:01 381] isr        1501 diff=  4735  
[2018/05/11 00:53:01 381] isr        1514 cloud_session_end() [out]  
[2018/05/11 00:53:01 381] isr        1667 isr unload!  
============================================================
Time  2018/05/11 00:53:08 464 
============================================================
[2018/05/11 00:53:08 464] isr        1659 isr loaded!  
[2018/05/11 00:53:08 464] isr        1642 SYS_MSG_REGCB param0 =   msp_status_cb  param1 =   func(7c02ccf0) 
[2018/05/11 00:53:08 464] isr        1537 ASR_MSG_SSB  
[2018/05/11 00:53:08 464] isr        1066 session_begin() [in], params:   sub = iat, domain = iat, language = zh_cn, accent = mandarin, sample_rate = 16000, result_type = plain, result_encoding = utf8  nil  
[2018/05/11 00:53:08 464] isr        927  vad_set [in]  
[2018/05/11 00:53:08 464] isr        962  vad_enable :  true  
[2018/05/11 00:53:08 464] isr        980  vad_bos :  10000  
[2018/05/11 00:53:08 464] isr        981  vad_eos :  2000  
[2018/05/11 00:53:08 464] isr        886  enable_vad [in]  
[2018/05/11 00:53:08 465] isr        918  vad enabled!  2000  10000  
[2018/05/11 00:53:08 465] isr        921  enable_vad [out]  
[2018/05/11 00:53:08 465] isr        987  vad_set [out] | ret =  0  
[2018/05/11 00:53:08 465] isr        1187 cur_engine_type =   cloud  
[2018/05/11 00:53:08 465] isr        1001 cloud_session_begin  
[2018/05/11 00:53:08 465] isr        1013 standard  
[2018/05/11 00:53:08 468] isr        1547 ASR_MSG_AUW,   cloud  
[2018/05/11 00:53:08 468] isr        1559 6400  1  
[2018/05/11 00:53:08 468] isr        1569 once_bytes:   6400  
[2018/05/11 00:53:08 488] isr        851  [aud] speech start  
[2018/05/11 00:53:08 488] isr        798  1  msc  
[2018/05/11 00:53:08 671] isr        1547 ASR_MSG_AUW,   cloud  
[2018/05/11 00:53:08 671] isr        1559 6400  2  
[2018/05/11 00:53:08 718] isr        700  cloud_status_cb, eps:  1  
[2018/05/11 00:53:08 718] isr        798  1  cloud  
[2018/05/11 00:53:08 718] isr        813  cloud eps ignored  
[2018/05/11 00:53:08 873] isr        1547 ASR_MSG_AUW,   cloud  
[2018/05/11 00:53:08 873] isr        1559 6400  2  
[2018/05/11 00:53:09 074] isr        1547 ASR_MSG_AUW,   cloud  
[2018/05/11 00:53:09 075] isr        1559 6400  2  
[2018/05/11 00:53:09 282] isr        1547 ASR_MSG_AUW,   cloud  
[2018/05/11 00:53:09 282] isr        1559 6400  2  
[2018/05/11 00:53:09 497] isr        1547 ASR_MSG_AUW,   cloud  
[2018/05/11 00:53:09 497] isr        1559 6400  2  
[2018/05/11 00:53:09 698] isr        1547 ASR_MSG_AUW,   cloud  
[2018/05/11 00:53:09 698] isr        1559 6400  2  
[2018/05/11 00:53:09 913] isr        1547 ASR_MSG_AUW,   cloud  
[2018/05/11 00:53:09 913] isr        1559 6400  2  
[2018/05/11 00:53:10 128] isr        1547 ASR_MSG_AUW,   cloud  
[2018/05/11 00:53:10 128] isr        1559 6400  2  
[2018/05/11 00:53:10 329] isr        1547 ASR_MSG_AUW,   cloud  
[2018/05/11 00:53:10 329] isr        1559 6400  2  
[2018/05/11 00:53:10 544] isr        1547 ASR_MSG_AUW,   cloud  
[2018/05/11 00:53:10 544] isr        1559 6400  2  
[2018/05/11 00:53:10 745] isr        1547 ASR_MSG_AUW,   cloud  
[2018/05/11 00:53:10 745] isr        1559 6400  2  
[2018/05/11 00:53:10 946] isr        1547 ASR_MSG_AUW,   cloud  
[2018/05/11 00:53:10 946] isr        1559 6400  2  
[2018/05/11 00:53:11 160] isr        1547 ASR_MSG_AUW,   cloud  
[2018/05/11 00:53:11 160] isr        1559 6400  2  
[2018/05/11 00:53:11 362] isr        1547 ASR_MSG_AUW,   cloud  
[2018/05/11 00:53:11 362] isr        1559 6400  2  
[2018/05/11 00:53:11 562] isr        1547 ASR_MSG_AUW,   cloud  
[2018/05/11 00:53:11 562] isr        1559 6400  2  
[2018/05/11 00:53:11 763] isr        1547 ASR_MSG_AUW,   cloud  
[2018/05/11 00:53:11 763] isr        1559 6400  2  
[2018/05/11 00:53:11 963] isr        1547 ASR_MSG_AUW,   cloud  
[2018/05/11 00:53:11 963] isr        1559 6400  2  
[2018/05/11 00:53:12 165] isr        1547 ASR_MSG_AUW,   cloud  
[2018/05/11 00:53:12 165] isr        1559 6400  2  
[2018/05/11 00:53:12 372] isr        1547 ASR_MSG_AUW,   cloud  
[2018/05/11 00:53:12 372] isr        1559 6400  2  
[2018/05/11 00:53:12 572] isr        1547 ASR_MSG_AUW,   cloud  
[2018/05/11 00:53:12 572] isr        1559 6400  2  
[2018/05/11 00:53:12 773] isr        1547 ASR_MSG_AUW,   cloud  
[2018/05/11 00:53:12 773] isr        1559 6400  2  
[2018/05/11 00:53:12 811] isr        662  cloud_rslt_cb status =   0  
[2018/05/11 00:53:12 811] isr        641  process_result call:  cloud  udata(7c032f98) 0  nil  
[2018/05/11 00:53:12 973] isr        1547 ASR_MSG_AUW,   cloud  
[2018/05/11 00:53:12 973] isr        1559 7420  2  
[2018/05/11 00:53:13 179] isr        1547 ASR_MSG_AUW,   cloud  
[2018/05/11 00:53:13 179] isr        1559 0  4  
[2018/05/11 00:53:13 179] isr        1592 aud end, USER  
[2018/05/11 00:53:13 179] isr        1636 ASR_MSG_GRSLT,   cloud  
[2018/05/11 00:53:13 179] isr        1335 0  udata(7c032f98) 0  
[2018/05/11 00:53:13 180] isr        854  [aud] speech end  
[2018/05/11 00:53:13 180] isr        798  3  msc  
[2018/05/11 00:53:13 292] isr        700  cloud_status_cb, eps:  3  
[2018/05/11 00:53:13 292] isr        798  3  cloud  
[2018/05/11 00:53:13 292] isr        800  already speech end  
[2018/05/11 00:53:13 299] isr        662  cloud_rslt_cb status =   5  
[2018/05/11 00:53:13 299] isr        641  process_result call:  cloud  udata(7c035f08) 5  nil  
[2018/05/11 00:53:13 299] isr        798  3  msc  
[2018/05/11 00:53:13 299] isr        800  already speech end  
[2018/05/11 00:53:13 333] isr        1636 ASR_MSG_GRSLT,   cloud  
[2018/05/11 00:53:13 333] isr        1335 0  udata(7c035f08) 5  
[2018/05/11 00:53:13 485] isr        1639 ASR_MSG_SSE,   cloud  
[2018/05/11 00:53:13 485] isr        1356 session_end() [in]  
[2018/05/11 00:53:13 485] isr        1421 cloud_session_end() [in]  
[2018/05/11 00:53:13 486] isr        1488 ns_host=  open.xf-yun.com  
[2018/05/11 00:53:13 486] isr        1498 tick()mod=  57793362  
[2018/05/11 00:53:13 486] isr        1499 tick()=  57793362  
[2018/05/11 00:53:13 486] isr        1501 diff=  4356  
[2018/05/11 00:53:13 486] isr        1514 cloud_session_end() [out]  
[2018/05/11 00:53:13 486] isr        1667 isr unload!  
============================================================
Time  2018/05/11 00:55:39 949 
============================================================
[2018/05/11 00:55:39 949] isr        1659 isr loaded!  
[2018/05/11 00:55:39 950] isr        1642 SYS_MSG_REGCB param0 =   msp_status_cb  param1 =   func(7802cca0) 
[2018/05/11 00:55:39 950] isr        1537 ASR_MSG_SSB  
[2018/05/11 00:55:39 950] isr        1066 session_begin() [in], params:   sub = iat, domain = iat, language = zh_cn, accent = mandarin, sample_rate = 16000, result_type = plain, result_encoding = utf8  nil  
[2018/05/11 00:55:39 950] isr        927  vad_set [in]  
[2018/05/11 00:55:39 950] isr        962  vad_enable :  true  
[2018/05/11 00:55:39 950] isr        980  vad_bos :  10000  
[2018/05/11 00:55:39 950] isr        981  vad_eos :  2000  
[2018/05/11 00:55:39 950] isr        886  enable_vad [in]  
[2018/05/11 00:55:39 950] isr        918  vad enabled!  2000  10000  
[2018/05/11 00:55:39 950] isr        921  enable_vad [out]  
[2018/05/11 00:55:39 950] isr        987  vad_set [out] | ret =  0  
[2018/05/11 00:55:39 950] isr        1187 cur_engine_type =   cloud  
[2018/05/11 00:55:39 950] isr        1001 cloud_session_begin  
[2018/05/11 00:55:39 950] isr        1013 standard  
[2018/05/11 00:55:39 956] isr        1547 ASR_MSG_AUW,   cloud  
[2018/05/11 00:55:39 956] isr        1559 6400  1  
[2018/05/11 00:55:39 956] isr        1569 once_bytes:   6400  
[2018/05/11 00:55:39 970] isr        851  [aud] speech start  
[2018/05/11 00:55:39 970] isr        798  1  msc  
[2018/05/11 00:55:40 157] isr        1547 ASR_MSG_AUW,   cloud  
[2018/05/11 00:55:40 157] isr        1559 6400  2  
[2018/05/11 00:55:40 197] isr        700  cloud_status_cb, eps:  1  
[2018/05/11 00:55:40 197] isr        798  1  cloud  
[2018/05/11 00:55:40 197] isr        813  cloud eps ignored  
[2018/05/11 00:55:40 358] isr        1547 ASR_MSG_AUW,   cloud  
[2018/05/11 00:55:40 358] isr        1559 6400  2  
[2018/05/11 00:55:40 560] isr        1547 ASR_MSG_AUW,   cloud  
[2018/05/11 00:55:40 560] isr        1559 6400  2  
[2018/05/11 00:55:40 765] isr        1547 ASR_MSG_AUW,   cloud  
[2018/05/11 00:55:40 765] isr        1559 6400  2  
[2018/05/11 00:55:40 969] isr        1547 ASR_MSG_AUW,   cloud  
[2018/05/11 00:55:40 969] isr        1559 6400  2  
[2018/05/11 00:55:41 172] isr        1547 ASR_MSG_AUW,   cloud  
[2018/05/11 00:55:41 172] isr        1559 6400  2  
[2018/05/11 00:55:41 378] isr        1547 ASR_MSG_AUW,   cloud  
[2018/05/11 00:55:41 378] isr        1559 6400  2  
[2018/05/11 00:55:41 579] isr        1547 ASR_MSG_AUW,   cloud  
[2018/05/11 00:55:41 580] isr        1559 6400  2  
[2018/05/11 00:55:41 783] isr        1547 ASR_MSG_AUW,   cloud  
[2018/05/11 00:55:41 783] isr        1559 6400  2  
[2018/05/11 00:55:41 984] isr        1547 ASR_MSG_AUW,   cloud  
[2018/05/11 00:55:41 984] isr        1559 6400  2  
[2018/05/11 00:55:42 189] isr        1547 ASR_MSG_AUW,   cloud  
[2018/05/11 00:55:42 189] isr        1559 6400  2  
[2018/05/11 00:55:42 391] isr        1547 ASR_MSG_AUW,   cloud  
[2018/05/11 00:55:42 391] isr        1559 6400  2  
[2018/05/11 00:55:42 592] isr        1547 ASR_MSG_AUW,   cloud  
[2018/05/11 00:55:42 593] isr        1559 6400  2  
[2018/05/11 00:55:42 795] isr        1547 ASR_MSG_AUW,   cloud  
[2018/05/11 00:55:42 795] isr        1559 6400  2  
[2018/05/11 00:55:42 997] isr        1547 ASR_MSG_AUW,   cloud  
[2018/05/11 00:55:42 997] isr        1559 6400  2  
[2018/05/11 00:55:43 197] isr        1547 ASR_MSG_AUW,   cloud  
[2018/05/11 00:55:43 197] isr        1559 6400  2  
[2018/05/11 00:55:43 401] isr        1547 ASR_MSG_AUW,   cloud  
[2018/05/11 00:55:43 401] isr        1559 6400  2  
[2018/05/11 00:55:43 605] isr        1547 ASR_MSG_AUW,   cloud  
[2018/05/11 00:55:43 605] isr        1559 6400  2  
[2018/05/11 00:55:43 808] isr        1547 ASR_MSG_AUW,   cloud  
[2018/05/11 00:55:43 808] isr        1559 6400  2  
[2018/05/11 00:55:44 010] isr        1547 ASR_MSG_AUW,   cloud  
[2018/05/11 00:55:44 011] isr        1559 6400  2  
[2018/05/11 00:55:44 211] isr        1547 ASR_MSG_AUW,   cloud  
[2018/05/11 00:55:44 211] isr        1559 6400  2  
[2018/05/11 00:55:44 251] isr        662  cloud_rslt_cb status =   0  
[2018/05/11 00:55:44 251] isr        641  process_result call:  cloud  udata(780337d8) 0  nil  
[2018/05/11 00:55:44 414] isr        1547 ASR_MSG_AUW,   cloud  
[2018/05/11 00:55:44 414] isr        1559 7420  2  
[2018/05/11 00:55:44 614] isr        1547 ASR_MSG_AUW,   cloud  
[2018/05/11 00:55:44 614] isr        1559 0  4  
[2018/05/11 00:55:44 614] isr        1592 aud end, USER  
[2018/05/11 00:55:44 614] isr        1636 ASR_MSG_GRSLT,   cloud  
[2018/05/11 00:55:44 614] isr        1335 0  udata(780337d8) 0  
[2018/05/11 00:55:44 615] isr        854  [aud] speech end  
[2018/05/11 00:55:44 615] isr        798  3  msc  
[2018/05/11 00:55:44 766] isr        1636 ASR_MSG_GRSLT,   cloud  
[2018/05/11 00:55:44 766] isr        1335 0  nil  2  
[2018/05/11 00:55:44 781] isr        700  cloud_status_cb, eps:  3  
[2018/05/11 00:55:44 781] isr        798  3  cloud  
[2018/05/11 00:55:44 781] isr        800  already speech end  
[2018/05/11 00:55:44 782] isr        662  cloud_rslt_cb status =   5  
[2018/05/11 00:55:44 782] isr        641  process_result call:  cloud  udata(78033a78) 5  nil  
[2018/05/11 00:55:44 782] isr        798  3  msc  
[2018/05/11 00:55:44 782] isr        800  already speech end  
[2018/05/11 00:55:44 917] isr        1636 ASR_MSG_GRSLT,   cloud  
[2018/05/11 00:55:44 917] isr        1335 0  udata(78033a78) 5  
[2018/05/11 00:55:45 067] isr        1639 ASR_MSG_SSE,   cloud  
[2018/05/11 00:55:45 067] isr        1356 session_end() [in]  
[2018/05/11 00:55:45 067] isr        1421 cloud_session_end() [in]  
[2018/05/11 00:55:45 068] isr        1488 ns_host=  open.xf-yun.com  
[2018/05/11 00:55:45 068] isr        1498 tick()mod=  57944945  
[2018/05/11 00:55:45 068] isr        1499 tick()=  57944945  
[2018/05/11 00:55:45 068] isr        1501 diff=  4859  
[2018/05/11 00:55:45 068] isr        1514 cloud_session_end() [out]  
[2018/05/11 00:55:45 069] isr        1667 isr unload!  
============================================================
Time  2018/05/11 00:55:51 544 
============================================================
[2018/05/11 00:55:51 544] isr        1659 isr loaded!  
[2018/05/11 00:55:51 544] isr        1642 SYS_MSG_REGCB param0 =   msp_status_cb  param1 =   func(5802cca0) 
[2018/05/11 00:55:51 544] isr        1537 ASR_MSG_SSB  
[2018/05/11 00:55:51 544] isr        1066 session_begin() [in], params:   sub = iat, domain = iat, language = zh_cn, accent = mandarin, sample_rate = 16000, result_type = plain, result_encoding = utf8  nil  
[2018/05/11 00:55:51 544] isr        927  vad_set [in]  
[2018/05/11 00:55:51 544] isr        962  vad_enable :  true  
[2018/05/11 00:55:51 544] isr        980  vad_bos :  10000  
[2018/05/11 00:55:51 544] isr        981  vad_eos :  2000  
[2018/05/11 00:55:51 544] isr        886  enable_vad [in]  
[2018/05/11 00:55:51 545] isr        918  vad enabled!  2000  10000  
[2018/05/11 00:55:51 545] isr        921  enable_vad [out]  
[2018/05/11 00:55:51 545] isr        987  vad_set [out] | ret =  0  
[2018/05/11 00:55:51 545] isr        1187 cur_engine_type =   cloud  
[2018/05/11 00:55:51 545] isr        1001 cloud_session_begin  
[2018/05/11 00:55:51 545] isr        1013 standard  
[2018/05/11 00:55:51 550] isr        1547 ASR_MSG_AUW,   cloud  
[2018/05/11 00:55:51 550] isr        1559 6400  1  
[2018/05/11 00:55:51 550] isr        1569 once_bytes:   6400  
[2018/05/11 00:55:51 565] isr        851  [aud] speech start  
[2018/05/11 00:55:51 565] isr        798  1  msc  
[2018/05/11 00:55:51 753] isr        1547 ASR_MSG_AUW,   cloud  
[2018/05/11 00:55:51 753] isr        1559 6400  2  
[2018/05/11 00:55:51 797] isr        700  cloud_status_cb, eps:  1  
[2018/05/11 00:55:51 797] isr        798  1  cloud  
[2018/05/11 00:55:51 797] isr        813  cloud eps ignored  
[2018/05/11 00:55:51 954] isr        1547 ASR_MSG_AUW,   cloud  
[2018/05/11 00:55:51 954] isr        1559 6400  2  
[2018/05/11 00:55:52 157] isr        1547 ASR_MSG_AUW,   cloud  
[2018/05/11 00:55:52 157] isr        1559 6400  2  
[2018/05/11 00:55:52 361] isr        1547 ASR_MSG_AUW,   cloud  
[2018/05/11 00:55:52 361] isr        1559 6400  2  
[2018/05/11 00:55:52 572] isr        1547 ASR_MSG_AUW,   cloud  
[2018/05/11 00:55:52 572] isr        1559 6400  2  
[2018/05/11 00:55:52 773] isr        1547 ASR_MSG_AUW,   cloud  
[2018/05/11 00:55:52 773] isr        1559 6400  2  
[2018/05/11 00:55:52 988] isr        1547 ASR_MSG_AUW,   cloud  
[2018/05/11 00:55:52 988] isr        1559 6400  2  
[2018/05/11 00:55:53 189] isr        1547 ASR_MSG_AUW,   cloud  
[2018/05/11 00:55:53 189] isr        1559 6400  2  
[2018/05/11 00:55:53 390] isr        1547 ASR_MSG_AUW,   cloud  
[2018/05/11 00:55:53 390] isr        1559 6400  2  
[2018/05/11 00:55:53 597] isr        1547 ASR_MSG_AUW,   cloud  
[2018/05/11 00:55:53 597] isr        1559 6400  2  
[2018/05/11 00:55:53 811] isr        1547 ASR_MSG_AUW,   cloud  
[2018/05/11 00:55:53 811] isr        1559 6400  2  
[2018/05/11 00:55:54 013] isr        1547 ASR_MSG_AUW,   cloud  
[2018/05/11 00:55:54 013] isr        1559 6400  2  
[2018/05/11 00:55:54 226] isr        1547 ASR_MSG_AUW,   cloud  
[2018/05/11 00:55:54 226] isr        1559 6400  2  
[2018/05/11 00:55:54 428] isr        1547 ASR_MSG_AUW,   cloud  
[2018/05/11 00:55:54 428] isr        1559 6400  2  
[2018/05/11 00:55:54 642] isr        1547 ASR_MSG_AUW,   cloud  
[2018/05/11 00:55:54 642] isr        1559 6400  2  
[2018/05/11 00:55:54 843] isr        1547 ASR_MSG_AUW,   cloud  
[2018/05/11 00:55:54 843] isr        1559 6400  2  
[2018/05/11 00:55:55 057] isr        1547 ASR_MSG_AUW,   cloud  
[2018/05/11 00:55:55 057] isr        1559 6400  2  
[2018/05/11 00:55:55 274] isr        1547 ASR_MSG_AUW,   cloud  
[2018/05/11 00:55:55 274] isr        1559 6400  2  
[2018/05/11 00:55:55 475] isr        1547 ASR_MSG_AUW,   cloud  
[2018/05/11 00:55:55 475] isr        1559 6400  2  
[2018/05/11 00:55:55 689] isr        1547 ASR_MSG_AUW,   cloud  
[2018/05/11 00:55:55 690] isr        1559 6400  2  
[2018/05/11 00:55:55 911] isr        1547 ASR_MSG_AUW,   cloud  
[2018/05/11 00:55:55 911] isr        1559 6400  2  
[2018/05/11 00:55:55 943] isr        662  cloud_rslt_cb status =   0  
[2018/05/11 00:55:55 943] isr        641  process_result call:  cloud  udata(58033978) 0  nil  
[2018/05/11 00:55:56 126] isr        1547 ASR_MSG_AUW,   cloud  
[2018/05/11 00:55:56 126] isr        1559 7420  2  
[2018/05/11 00:55:56 345] isr        1547 ASR_MSG_AUW,   cloud  
[2018/05/11 00:55:56 345] isr        1559 0  4  
[2018/05/11 00:55:56 345] isr        1592 aud end, USER  
[2018/05/11 00:55:56 345] isr        1636 ASR_MSG_GRSLT,   cloud  
[2018/05/11 00:55:56 345] isr        1335 0  udata(58033978) 0  
[2018/05/11 00:55:56 346] isr        854  [aud] speech end  
[2018/05/11 00:55:56 346] isr        798  3  msc  
[2018/05/11 00:55:56 459] isr        700  cloud_status_cb, eps:  3  
[2018/05/11 00:55:56 459] isr        798  3  cloud  
[2018/05/11 00:55:56 459] isr        800  already speech end  
[2018/05/11 00:55:56 460] isr        662  cloud_rslt_cb status =   5  
[2018/05/11 00:55:56 460] isr        641  process_result call:  cloud  udata(580360c8) 5  nil  
[2018/05/11 00:55:56 460] isr        798  3  msc  
[2018/05/11 00:55:56 461] isr        800  already speech end  
[2018/05/11 00:55:56 511] isr        1636 ASR_MSG_GRSLT,   cloud  
[2018/05/11 00:55:56 511] isr        1335 0  udata(580360c8) 5  
[2018/05/11 00:55:56 674] isr        1639 ASR_MSG_SSE,   cloud  
[2018/05/11 00:55:56 674] isr        1356 session_end() [in]  
[2018/05/11 00:55:56 674] isr        1421 cloud_session_end() [in]  
[2018/05/11 00:55:56 674] isr        1488 ns_host=  open.xf-yun.com  
[2018/05/11 00:55:56 674] isr        1498 tick()mod=  57956551  
[2018/05/11 00:55:56 674] isr        1499 tick()=  57956551  
[2018/05/11 00:55:56 674] isr        1501 diff=  4899  
[2018/05/11 00:55:56 675] isr        1514 cloud_session_end() [out]  
[2018/05/11 00:55:56 675] isr        1667 isr unload!  
